<?xml version="1.0" encoding="UTF-8"?>
<!-- Generated by org.testng.reporters.JUnitReportReporter -->
<testsuite hostname="LAPTOP-GUS8QTCP" failures="0" tests="1" name="com.test.ecomerce.LoginTokopedia" time="1.697" errors="0" timestamp="2022-07-11T15:33:40 WIB" skipped="0">
  <testcase classname="com.test.ecomerce.LoginTokopedia" name="loginTest" time="1.697"/>
  <system-out/>
</testsuite> <!-- com.test.ecomerce.LoginTokopedia -->
