<?xml version="1.0" encoding="UTF-8"?>
<!-- Generated by org.testng.reporters.JUnitReportReporter -->
<testsuite hostname="LAPTOP-GUS8QTCP" failures="0" tests="1" name="com.testing.TestDay14" time="4.214" errors="0" timestamp="2022-07-11T21:29:22 WIB" skipped="0">
  <testcase classname="com.testing.TestDay14" name="hargaprodukTest" time="4.214"/>
  <system-out/>
</testsuite> <!-- com.testing.TestDay14 -->
