<?xml version="1.0" encoding="UTF-8"?>
<!-- Generated by org.testng.reporters.JUnitReportReporter -->
<testsuite hostname="LAPTOP-GUS8QTCP" failures="0" tests="2" name="KitaLulus" time="2.820" errors="0" timestamp="2022-07-27T11:27:11 WIB" skipped="0">
  <testcase classname="KitaLulus" name="vacancyTest" time="1.958"/>
  <system-out/>
  <testcase classname="KitaLulus" name="bookmarkTest" time="0.862"/>
  <system-out/>
</testsuite> <!-- KitaLulus -->
