<?xml version="1.0" encoding="UTF-8"?>
<!-- Generated by org.testng.reporters.JUnitReportReporter -->
<testsuite hostname="LAPTOP-GUS8QTCP" failures="0" tests="1" name="test" time="0.008" errors="0" timestamp="2022-07-08T19:36:01 WIB" skipped="0">
  <testcase classname="test" name="test" time="0.008"/>
  <system-out/>
</testsuite> <!-- test -->
